0 info it worked if it ends with ok
1 verbose cli [ '/home/nqa/.nvm/versions/node/v6.11.4/bin/node',
1 verbose cli   '/home/nqa/.nvm/versions/node/v6.11.4/bin/npm',
1 verbose cli   'run',
1 verbose cli   'test' ]
2 info using npm@3.10.10
3 info using node@v6.11.4
4 verbose run-script [ 'pretest', 'test', 'posttest' ]
5 info lifecycle case-converter@~pretest: case-converter@
6 silly lifecycle case-converter@~pretest: no script for pretest, continuing
7 info lifecycle case-converter@~test: case-converter@
8 verbose lifecycle case-converter@~test: unsafe-perm in lifecycle true
9 verbose lifecycle case-converter@~test: PATH: /home/nqa/.nvm/versions/node/v6.11.4/lib/node_modules/npm/bin/node-gyp-bin:/project/case-converter/node_modules/.bin:/home/nqa/.nvm/versions/node/v6.11.4/bin:/home/nqa/.zplug/repos/zplug/zplug/bin:/home/nqa/.zplug/bin:/home/nqa/.local/bin:/home/nqa/.rvm/gems/ruby-2.3.4/bin:/home/nqa/.rvm/gems/ruby-2.3.4@global/bin:/home/nqa/.rvm/rubies/ruby-2.3.4/bin:/usr/local/sbin:/usr/local/bin:/usr/bin:/usr/lib/jvm/default/bin:/usr/bin/site_perl:/usr/bin/vendor_perl:/usr/bin/core_perl:/home/nqa/bin:/home/nqa/.local/sbin:/home/nqa/.npm-global/bin:/home/nqa/go/bin:/home/nqa/scripts:/home/nqa/Android/Sdk/tools:/home/nqa/Android/Sdk/platform-tools:/home/nqa/.gem/ruby/2.3.0/bin:/home/nqa/.gem/ruby/2.4.0/bin:/home/nqa/.git-semantic-commits:/home/nqa/FlameGraph:/home/nqa/.cargo/bin:/home/nqa/miniconda3/bin:/home/nqa/miniconda2/bin:/home/nqa/.rvm/bin:/home/nqa/.fzf/bin
10 verbose lifecycle case-converter@~test: CWD: /project/case-converter
11 silly lifecycle case-converter@~test: Args: [ '-c', 'jest' ]
12 info lifecycle case-converter@~test: Failed to exec test script
13 verbose stack Error: case-converter@ test: `jest`
13 verbose stack spawn ENOENT
13 verbose stack     at ChildProcess.<anonymous> (/home/nqa/.nvm/versions/node/v6.11.4/lib/node_modules/npm/lib/utils/spawn.js:33:16)
13 verbose stack     at emitTwo (events.js:106:13)
13 verbose stack     at ChildProcess.emit (events.js:191:7)
13 verbose stack     at maybeClose (internal/child_process.js:920:16)
13 verbose stack     at Process.ChildProcess._handle.onexit (internal/child_process.js:230:5)
14 verbose pkgid case-converter@
15 verbose cwd /project/case-converter
16 error Linux 4.13.7-1-ARCH
17 error argv "/home/nqa/.nvm/versions/node/v6.11.4/bin/node" "/home/nqa/.nvm/versions/node/v6.11.4/bin/npm" "run" "test"
18 error node v6.11.4
19 error npm  v3.10.10
20 error file sh
21 error code ELIFECYCLE
22 error errno ENOENT
23 error syscall spawn
24 error case-converter@ test: `jest`
24 error spawn ENOENT
25 error Failed at the case-converter@ test script 'jest'.
25 error Make sure you have the latest version of node.js and npm installed.
25 error If you do, this is most likely a problem with the case-converter package,
25 error not with npm itself.
25 error Tell the author that this fails on your system:
25 error     jest
25 error You can get information on how to open an issue for this project with:
25 error     npm bugs case-converter
25 error Or if that isn't available, you can get their info via:
25 error     npm owner ls case-converter
25 error There is likely additional logging output above.
26 verbose exit [ 1, true ]
